<?xml version="1.0" encoding="UTF-8"?>
<!-- Generated by org.testng.reporters.JUnitReportReporter -->
<testsuite hostname="AVE-LAP-301" failures="0" tests="1" name="pageclasses.BasePageClass" time="0.008" errors="0" timestamp="2020-12-15T06:00:15 EET" skipped="0">
  <testcase classname="pageclasses.BasePageClass" name="f" time="0.008"/>
  <system-out/>
</testsuite> <!-- pageclasses.BasePageClass -->
