<?xml version="1.0" encoding="UTF-8"?>
<!-- Generated by org.testng.reporters.JUnitReportReporter -->
<testsuite hostname="AVE-LAP-301" failures="0" tests="3" name="airbnb_test.TestClass" time="51.645" errors="0" timestamp="2020-12-23T01:16:01 EET" skipped="0">
  <testcase classname="airbnb_test.TestClass" name="verifyAppliedFilters" time="7.560"/>
  <system-out/>
  <testcase classname="airbnb_test.TestClass" name="verifyResultsMatchExtraFilters" time="28.437"/>
  <system-out/>
  <testcase classname="airbnb_test.TestClass" name="verifyPropertyDisplayedOnMap" time="15.648"/>
  <system-out/>
</testsuite> <!-- airbnb_test.TestClass -->
