<?xml version="1.0" encoding="UTF-8"?>
<!-- Generated by org.testng.reporters.JUnitReportReporter -->
<testsuite hostname="AVE-LAP-301" failures="0" tests="1" name="airbnb_test.TestClass" time="7.527" errors="0" timestamp="2021-01-18T15:19:29 EET" skipped="0">
  <testcase classname="airbnb_test.TestClass" name="verifyAppliedFilters" time="7.527"/>
  <system-out/>
</testsuite> <!-- airbnb_test.TestClass -->
