<?xml version="1.0" encoding="UTF-8"?>
<!-- Generated by org.testng.reporters.JUnitReportReporter -->
<testsuite hostname="AVE-LAP-301" failures="0" tests="1" name="airbnb_test.TestClass" time="22.010" errors="0" timestamp="2021-01-13T16:43:18 EET" skipped="0">
  <testcase classname="airbnb_test.TestClass" name="verifyResultsMatchExtraFilters" time="22.010"/>
  <system-out/>
</testsuite> <!-- airbnb_test.TestClass -->
