<?xml version="1.0" encoding="UTF-8"?>
<!-- Generated by org.testng.reporters.JUnitReportReporter -->
<testsuite hostname="AVE-LAP-301" failures="0" tests="3" name="olx.qa_task.TestClass" time="48.062" errors="0" timestamp="2020-12-22T14:41:44 EET" skipped="0">
  <testcase classname="olx.qa_task.TestClass" name="verifyAppliedFilters" time="7.951"/>
  <system-out/>
  <testcase classname="olx.qa_task.TestClass" name="verifyResultsMatchExtraFilters" time="24.513"/>
  <system-out/>
  <testcase classname="olx.qa_task.TestClass" name="verifyPropertyDisplayedOnMap" time="15.598"/>
  <system-out/>
</testsuite> <!-- olx.qa_task.TestClass -->
