<?xml version="1.0" encoding="UTF-8"?>
<!-- Generated by org.testng.reporters.JUnitReportReporter -->
<testsuite hostname="AVE-LAP-301" failures="0" tests="4" name="airbnb_test.TestClass" time="56.223" errors="0" timestamp="2021-01-29T23:46:09 EET" skipped="0">
  <testcase classname="airbnb_test.TestClass" name="verifyAppliedFilters" time="7.730"/>
  <system-out/>
  <testcase classname="airbnb_test.TestClass" name="verifyResultsMatchExtraFilters" time="20.046"/>
  <system-out/>
  <testcase classname="airbnb_test.TestClass" name="verifyPropertyDisplayedOnMap" time="8.647"/>
  <system-out/>
  <testcase classname="airbnb_test.TestClass" name="verifyPropertyWithLowestPrice" time="19.800"/>
  <system-out/>
</testsuite> <!-- airbnb_test.TestClass -->
