<?xml version="1.0" encoding="UTF-8"?>
<!-- Generated by org.testng.reporters.JUnitReportReporter -->
<testsuite hostname="AVE-LAP-301" failures="0" tests="1" name="olx.qa_task.Demo" time="1.643" errors="0" timestamp="2020-12-15T06:06:53 EET" skipped="0">
  <testcase classname="olx.qa_task.Demo" name="f" time="1.643"/>
  <system-out/>
</testsuite> <!-- olx.qa_task.Demo -->
